<?xml version="1.0" encoding="UTF-8"?>
<testng-results ignored="0" total="1" passed="1" failed="0" skipped="0">
  <reporter-output>
  </reporter-output>
  <suite started-at="2022-01-06T13:20:55 IST" name="Default suite" finished-at="2022-01-06T13:21:04 IST" duration-ms="8251">
    <groups>
    </groups>
    <test started-at="2022-01-06T13:20:55 IST" name="Default test" finished-at="2022-01-06T13:21:04 IST" duration-ms="8251">
      <class name="runner.uiic">
        <test-method is-config="true" signature="Before()[pri:0, instance:runner.uiic@759d26fb]" started-at="2022-01-06T13:20:55 IST" name="Before" finished-at="2022-01-06T13:21:02 IST" duration-ms="6707" status="PASS">
          <reporter-output>
          </reporter-output>
        </test-method> <!-- Before -->
        <test-method signature="test()[pri:1, instance:runner.uiic@759d26fb]" started-at="2022-01-06T13:21:02 IST" name="test" finished-at="2022-01-06T13:21:03 IST" duration-ms="1322" status="PASS">
          <reporter-output>
          </reporter-output>
        </test-method> <!-- test -->
        <test-method is-config="true" signature="After()[pri:0, instance:runner.uiic@759d26fb]" started-at="2022-01-06T13:21:03 IST" name="After" finished-at="2022-01-06T13:21:04 IST" duration-ms="193" status="PASS">
          <reporter-output>
          </reporter-output>
        </test-method> <!-- After -->
      </class> <!-- runner.uiic -->
    </test> <!-- Default test -->
  </suite> <!-- Default suite -->
</testng-results>
